2024-07-04 09:35:29,156 [INFO] Activator:176 - 


2024-07-04 09:35:29,162 [INFO] Activator:177 - !SESSION log4j initialized
2024-07-04 09:35:32,067 [INFO] LogOutputStream:77 - [STDOUT_REDIRECT] 
2024-07-04 09:35:32,864 [INFO] ApplicationProperties:184 - Using Application install path: C:\ST\STM32CubeIDE_1.16.0\STM32CubeIDE\plugins\com.st.stm32cube.common.mx_6.12.0.202406281431
2024-07-04 09:35:32,876 [INFO] DbMcusXml:78 - Set database path to: C:\ST\STM32CubeIDE_1.16.0\STM32CubeIDE\plugins\com.st.stm32cube.common.mx_6.12.0.202406281431\\db\/mcu/
2024-07-04 09:35:32,876 [INFO] ApiDb:274 - Set plugin database path to: C:\ST\STM32CubeIDE_1.16.0\STM32CubeIDE\plugins\com.st.stm32cube.common.mx_6.12.0.202406281431\\db\/plugins/boardmanager/
2024-07-04 09:35:32,880 [WARN] ApiDb:259 - Overriding images path with different value:  => C:\ST\STM32CubeIDE_1.16.0\STM32CubeIDE\plugins\com.st.stm32cube.common.mx_6.12.0.202406281431\\db\/plugins/mcufinder/images/
2024-07-04 09:35:32,885 [INFO] ApiDb:250 - Set database path to: C:\Users\user\.stmcufinder\plugins\mcufinder//mcu/
2024-07-04 09:35:32,886 [INFO] DbMcusAds:125 - Set database path to: C:\Users\user\.stmcufinder\plugins\mcufinder//mcu/
2024-07-04 09:35:32,887 [INFO] CrossReferenceDbSqlite:203 - Set database path to: C:\Users\user\.stmcufinder\plugins\mcufinder//mcu/cs/
2024-07-04 09:35:32,955 [INFO] RulesReader:64 - Compatibility file has been processed (297 Rules)
2024-07-04 09:35:33,001 [INFO] DbMcusXml:78 - Set database path to: C:\ST\STM32CubeIDE_1.16.0\STM32CubeIDE\plugins\com.st.stm32cube.common.mx_6.12.0.202406281431\\db\/mcu/
2024-07-04 09:35:33,002 [INFO] ApiDb:274 - Set plugin database path to: C:\ST\STM32CubeIDE_1.16.0\STM32CubeIDE\plugins\com.st.stm32cube.common.mx_6.12.0.202406281431\\db\/plugins/boardmanager/
2024-07-04 09:35:33,002 [INFO] ApiDb:261 - Set plugin images path to: C:\ST\STM32CubeIDE_1.16.0\STM32CubeIDE\plugins\com.st.stm32cube.common.mx_6.12.0.202406281431\\db\/plugins/mcufinder/images/
2024-07-04 09:35:33,002 [WARN] DbFile:41 - Overriding database path with different value: C:\Users\user\.stmcufinder\plugins\mcufinder/ => C:\Users\user\.stmcufinder\plugins\mcufinder
2024-07-04 09:35:33,002 [INFO] ApiDb:250 - Set database path to: C:\Users\user\.stmcufinder\plugins\mcufinder//mcu/
2024-07-04 09:35:33,002 [WARN] DbFile:41 - Overriding database path with different value: C:\Users\user\.stmcufinder\plugins\mcufinder/ => C:\Users\user\.stmcufinder\plugins\mcufinder
2024-07-04 09:35:33,002 [INFO] DbMcusAds:125 - Set database path to: C:\Users\user\.stmcufinder\plugins\mcufinder//mcu/
2024-07-04 09:35:33,002 [WARN] DbFile:41 - Overriding database path with different value: C:\Users\user\.stmcufinder\plugins\mcufinder/ => C:\Users\user\.stmcufinder\plugins\mcufinder
2024-07-04 09:35:33,002 [WARN] DbFile:41 - Overriding database path with different value: C:\Users\user\.stmcufinder\plugins\mcufinder/ => C:\Users\user\.stmcufinder\plugins\mcufinder
2024-07-04 09:35:33,002 [INFO] CrossReferenceDbSqlite:203 - Set database path to: C:\Users\user\.stmcufinder\plugins\mcufinder//mcu/cs/
2024-07-04 09:35:33,042 [INFO] MainPanel:268 - HeapMemory: 268435456
2024-07-04 09:35:33,082 [INFO] DbMcusXml:78 - Set database path to: C:\ST\STM32CubeIDE_1.16.0\STM32CubeIDE\plugins\com.st.stm32cube.common.mx_6.12.0.202406281431\\db\/mcu/
2024-07-04 09:35:33,082 [INFO] ApiDb:274 - Set plugin database path to: C:\ST\STM32CubeIDE_1.16.0\STM32CubeIDE\plugins\com.st.stm32cube.common.mx_6.12.0.202406281431\\db\/plugins/boardmanager/
2024-07-04 09:35:33,082 [INFO] ApiDb:261 - Set plugin images path to: C:\ST\STM32CubeIDE_1.16.0\STM32CubeIDE\plugins\com.st.stm32cube.common.mx_6.12.0.202406281431\\db\/plugins/mcufinder/images/
2024-07-04 09:35:33,083 [WARN] DbFile:41 - Overriding database path with different value: C:\Users\user\.stmcufinder\plugins\mcufinder/ => C:\Users\user\.stmcufinder\plugins\mcufinder
2024-07-04 09:35:33,083 [INFO] ApiDb:250 - Set database path to: C:\Users\user\.stmcufinder\plugins\mcufinder//mcu/
2024-07-04 09:35:33,083 [WARN] DbFile:41 - Overriding database path with different value: C:\Users\user\.stmcufinder\plugins\mcufinder/ => C:\Users\user\.stmcufinder\plugins\mcufinder
2024-07-04 09:35:33,083 [INFO] DbMcusAds:125 - Set database path to: C:\Users\user\.stmcufinder\plugins\mcufinder//mcu/
2024-07-04 09:35:33,083 [WARN] DbFile:41 - Overriding database path with different value: C:\Users\user\.stmcufinder\plugins\mcufinder/ => C:\Users\user\.stmcufinder\plugins\mcufinder
2024-07-04 09:35:33,083 [WARN] DbFile:41 - Overriding database path with different value: C:\Users\user\.stmcufinder\plugins\mcufinder/ => C:\Users\user\.stmcufinder\plugins\mcufinder
2024-07-04 09:35:33,083 [INFO] CrossReferenceDbSqlite:203 - Set database path to: C:\Users\user\.stmcufinder\plugins\mcufinder//mcu/cs/
2024-07-04 09:35:33,092 [INFO] ApplicationProperties:184 - Using Application install path: C:\ST\STM32CubeIDE_1.16.0\STM32CubeIDE\plugins\com.st.stm32cube.common.mx_6.12.0.202406281431
2024-07-04 09:35:33,092 [INFO] PluginManage:196 - Search for loadable plugins [exclusion list=, ]
2024-07-04 09:35:33,093 [INFO] PluginManage:310 - Check plugin analytics
2024-07-04 09:35:33,188 [INFO] AnalyticsPlugin:253 - Accepted Software Licenses: 
2024-07-04 09:35:33,188 [INFO] AnalyticsPlugin:255 - Accepted CMSIS Pack Licenses: 
2024-07-04 09:35:33,188 [INFO] AnalyticsPlugin:257 - Accepted Firmware Licenses: FW.F4.1.28.0
2024-07-04 09:35:33,190 [INFO] PluginManage:359 - Loaded plugin analytics (category:tool,tabindex:-1)
2024-07-04 09:35:33,190 [INFO] PluginManage:310 - Check plugin cadmodel
2024-07-04 09:35:33,193 [INFO] CADModel:105 - Init CAD model plugin
2024-07-04 09:35:33,193 [INFO] PluginManage:359 - Loaded plugin cadmodel (category:power,tabindex:5)
2024-07-04 09:35:33,193 [INFO] PluginManage:310 - Check plugin clock
2024-07-04 09:35:33,199 [INFO] PluginManage:359 - Loaded plugin clock (category:base,tabindex:2)
2024-07-04 09:35:33,199 [INFO] PluginManage:310 - Check plugin ddr
2024-07-04 09:35:33,200 [INFO] PluginManage:359 - Loaded plugin ddr (category:tool,tabindex:6)
2024-07-04 09:35:33,200 [INFO] PluginManage:310 - Check plugin filemanager
2024-07-04 09:35:33,291 [INFO] PluginManage:359 - Loaded plugin filemanager (category:base,tabindex:10)
2024-07-04 09:35:33,292 [INFO] PluginManage:310 - Check plugin ipmanager
2024-07-04 09:35:33,296 [INFO] PluginManage:359 - Loaded plugin ipmanager (category:base,tabindex:5)
2024-07-04 09:35:33,297 [INFO] PluginManage:310 - Check plugin lpbam
2024-07-04 09:35:33,303 [INFO] PluginManage:359 - Loaded plugin lpbam (category:base,tabindex:0)
2024-07-04 09:35:33,303 [INFO] PluginManage:310 - Check plugin memorymap
2024-07-04 09:35:33,312 [INFO] PluginManage:359 - Loaded plugin memorymap (category:base,tabindex:4)
2024-07-04 09:35:33,312 [INFO] PluginManage:310 - Check plugin pinoutandconfiguration
2024-07-04 09:35:33,315 [INFO] PluginManage:359 - Loaded plugin pinoutandconfiguration (category:base,tabindex:1)
2024-07-04 09:35:33,316 [INFO] PluginManage:310 - Check plugin pinoutconfig
2024-07-04 09:35:33,359 [WARN] SupportedApi:132 - Cannot load RTOS API schema: s4s-elt-must-match.1: The content of 'definitions' must match (annotation?, (simpleType | complexType)?, (unique | key | keyref)*)). A problem was found starting at: attribute.
2024-07-04 09:35:33,425 [INFO] PluginManage:359 - Loaded plugin pinoutconfig (category:base,tabindex:0)
2024-07-04 09:35:33,425 [INFO] PluginManage:310 - Check plugin power
2024-07-04 09:35:33,431 [INFO] PluginManage:359 - Loaded plugin power (category:power,tabindex:4)
2024-07-04 09:35:33,431 [INFO] PluginManage:310 - Check plugin projectmanager
2024-07-04 09:35:33,456 [INFO] PluginManage:359 - Loaded plugin projectmanager (category:projectmanager,tabindex:4)
2024-07-04 09:35:33,456 [INFO] PluginManage:310 - Check plugin rif
2024-07-04 09:35:33,461 [INFO] PluginManage:359 - Loaded plugin rif (category:base,tabindex:3)
2024-07-04 09:35:33,461 [INFO] PluginManage:310 - Check plugin thirdparty
2024-07-04 09:35:33,533 [INFO] PluginManage:359 - Loaded plugin thirdparty (category:base,tabindex:-1)
2024-07-04 09:35:33,533 [WARN] IntegrityCheckThread:84 - waiting for thirdparty lock release [integrity check]
2024-07-04 09:35:33,534 [INFO] IntegrityCheckThread:86 - entering critical section [integrity check]
2024-07-04 09:35:33,534 [INFO] PluginManage:310 - Check plugin tools
2024-07-04 09:35:33,534 [INFO] ThirdPartyUpdaterWithRetryManager:70 - Updater plugin not ready yet. [1/15]
2024-07-04 09:35:33,536 [INFO] PluginManage:359 - Loaded plugin tools (category:base,tabindex:7)
2024-07-04 09:35:33,536 [INFO] PluginManage:310 - Check plugin tutovideos
2024-07-04 09:35:33,630 [INFO] PluginManage:359 - Loaded plugin tutovideos (category:base,tabindex:-1)
2024-07-04 09:35:33,630 [INFO] PluginManage:310 - Check plugin updater
2024-07-04 09:35:33,639 [INFO] PluginManage:359 - Loaded plugin updater (category:base,tabindex:12)
2024-07-04 09:35:33,639 [INFO] PluginManage:310 - Check plugin userauth
2024-07-04 09:35:33,643 [INFO] UserAuth:113 - Init User Auth plugin
2024-07-04 09:35:33,643 [INFO] PluginManage:359 - Loaded plugin userauth (category:base,tabindex:14)
2024-07-04 09:35:33,643 [INFO] PluginManage:283 - PluginManage : Loaded plugins [18]
2024-07-04 09:35:33,755 [INFO] PinOutPanel:1561 - setPackage(No Configuration,No Configuration)
2024-07-04 09:35:33,804 [INFO] CADModel:165 - CPN selected for project level
2024-07-04 09:35:33,804 [INFO] CADModel:114 - Register for checkConnection events
2024-07-04 09:35:33,813 [INFO] IPUIPlugin:80 - create IPUIPlugin
2024-07-04 09:35:33,814 [INFO] PluginManager:220 - loadIPPluginJar : add adc
2024-07-04 09:35:33,815 [INFO] IPUIPlugin:80 - create IPUIPlugin
2024-07-04 09:35:33,816 [INFO] PluginManager:220 - loadIPPluginJar : add aes
2024-07-04 09:35:33,817 [INFO] IPUIPlugin:80 - create IPUIPlugin
2024-07-04 09:35:33,817 [INFO] PluginManager:220 - loadIPPluginJar : add can
2024-07-04 09:35:33,818 [INFO] IPUIPlugin:80 - create IPUIPlugin
2024-07-04 09:35:33,818 [INFO] PluginManager:220 - loadIPPluginJar : add comp
2024-07-04 09:35:33,820 [INFO] IPUIPlugin:80 - create IPUIPlugin
2024-07-04 09:35:33,820 [INFO] PluginManager:220 - loadIPPluginJar : add cryp
2024-07-04 09:35:33,821 [INFO] IPUIPlugin:80 - create IPUIPlugin
2024-07-04 09:35:33,821 [INFO] PluginManager:220 - loadIPPluginJar : add ddr_ctrl_phy
2024-07-04 09:35:33,822 [INFO] IPUIPlugin:80 - create IPUIPlugin
2024-07-04 09:35:33,822 [INFO] PluginManager:220 - loadIPPluginJar : add dfsdm
2024-07-04 09:35:33,825 [INFO] IPUIPlugin:80 - create IPUIPlugin
2024-07-04 09:35:33,825 [INFO] PluginManager:220 - loadIPPluginJar : add dma
2024-07-04 09:35:33,827 [INFO] IPUIPlugin:80 - create IPUIPlugin
2024-07-04 09:35:33,827 [INFO] PluginManager:220 - loadIPPluginJar : add dma3
2024-07-04 09:35:33,828 [INFO] IPUIPlugin:80 - create IPUIPlugin
2024-07-04 09:35:33,828 [INFO] PluginManager:220 - loadIPPluginJar : add extmemmanager
2024-07-04 09:35:33,829 [INFO] IPUIPlugin:80 - create IPUIPlugin
2024-07-04 09:35:33,829 [INFO] PluginManager:220 - loadIPPluginJar : add fatfs
2024-07-04 09:35:33,832 [INFO] IPUIPlugin:80 - create IPUIPlugin
2024-07-04 09:35:33,832 [INFO] PluginManager:220 - loadIPPluginJar : add fmc
2024-07-04 09:35:33,835 [INFO] IPUIPlugin:80 - create IPUIPlugin
2024-07-04 09:35:33,835 [INFO] PluginManager:220 - loadIPPluginJar : add freertos
2024-07-04 09:35:33,836 [INFO] IPUIPlugin:80 - create IPUIPlugin
2024-07-04 09:35:33,836 [INFO] PluginManager:220 - loadIPPluginJar : add genericplugin
2024-07-04 09:35:33,837 [INFO] IPUIPlugin:80 - create IPUIPlugin
2024-07-04 09:35:33,837 [INFO] PluginManager:220 - loadIPPluginJar : add gfxmmu
2024-07-04 09:35:33,839 [INFO] IPUIPlugin:80 - create IPUIPlugin
2024-07-04 09:35:33,839 [INFO] PluginManager:220 - loadIPPluginJar : add gic
2024-07-04 09:35:33,841 [INFO] IPUIPlugin:80 - create IPUIPlugin
2024-07-04 09:35:33,841 [INFO] PluginManager:220 - loadIPPluginJar : add gpio
2024-07-04 09:35:33,843 [INFO] IPUIPlugin:80 - create IPUIPlugin
2024-07-04 09:35:33,843 [INFO] PluginManager:220 - loadIPPluginJar : add gtzc
2024-07-04 09:35:33,844 [INFO] IPUIPlugin:80 - create IPUIPlugin
2024-07-04 09:35:33,844 [INFO] PluginManager:220 - loadIPPluginJar : add hash
2024-07-04 09:35:33,846 [INFO] IPUIPlugin:80 - create IPUIPlugin
2024-07-04 09:35:33,846 [INFO] PluginManager:220 - loadIPPluginJar : add i2c
2024-07-04 09:35:33,847 [INFO] IPUIPlugin:80 - create IPUIPlugin
2024-07-04 09:35:33,847 [INFO] PluginManager:220 - loadIPPluginJar : add i2s
2024-07-04 09:35:33,849 [INFO] IPUIPlugin:80 - create IPUIPlugin
2024-07-04 09:35:33,849 [INFO] PluginManager:220 - loadIPPluginJar : add i3c
2024-07-04 09:35:33,850 [INFO] IPUIPlugin:80 - create IPUIPlugin
2024-07-04 09:35:33,851 [INFO] PluginManager:220 - loadIPPluginJar : add ipddr
2024-07-04 09:35:33,855 [INFO] IPUIPlugin:80 - create IPUIPlugin
2024-07-04 09:35:33,855 [INFO] PluginManager:220 - loadIPPluginJar : add linkedlist
2024-07-04 09:35:33,856 [INFO] IPUIPlugin:80 - create IPUIPlugin
2024-07-04 09:35:33,856 [INFO] PluginManager:220 - loadIPPluginJar : add lorawan
2024-07-04 09:35:33,857 [INFO] IPUIPlugin:80 - create IPUIPlugin
2024-07-04 09:35:33,857 [INFO] PluginManager:220 - loadIPPluginJar : add ltdc
2024-07-04 09:35:33,860 [INFO] IPUIPlugin:80 - create IPUIPlugin
2024-07-04 09:35:33,860 [INFO] PluginManager:220 - loadIPPluginJar : add mdma
2024-07-04 09:35:33,862 [INFO] IPUIPlugin:80 - create IPUIPlugin
2024-07-04 09:35:33,862 [INFO] PluginManager:220 - loadIPPluginJar : add nvic
2024-07-04 09:35:33,863 [INFO] IPUIPlugin:80 - create IPUIPlugin
2024-07-04 09:35:33,863 [INFO] PluginManager:220 - loadIPPluginJar : add opamp
2024-07-04 09:35:33,865 [INFO] IPUIPlugin:80 - create IPUIPlugin
2024-07-04 09:35:33,865 [INFO] PluginManager:220 - loadIPPluginJar : add openamp
2024-07-04 09:35:33,866 [INFO] IPUIPlugin:80 - create IPUIPlugin
2024-07-04 09:35:33,866 [INFO] PluginManager:220 - loadIPPluginJar : add pdm2pcm
2024-07-04 09:35:33,869 [INFO] IPUIPlugin:80 - create IPUIPlugin
2024-07-04 09:35:33,871 [INFO] PluginManager:220 - loadIPPluginJar : add plateformsettings
2024-07-04 09:35:33,871 [INFO] IPUIPlugin:80 - create IPUIPlugin
2024-07-04 09:35:33,871 [INFO] PluginManager:220 - loadIPPluginJar : add quadspi
2024-07-04 09:35:33,872 [INFO] IPUIPlugin:80 - create IPUIPlugin
2024-07-04 09:35:33,873 [INFO] PluginManager:220 - loadIPPluginJar : add radio
2024-07-04 09:35:33,874 [INFO] IPUIPlugin:80 - create IPUIPlugin
2024-07-04 09:35:33,875 [INFO] PluginManager:220 - loadIPPluginJar : add resmgrutility
2024-07-04 09:35:33,876 [INFO] IPUIPlugin:80 - create IPUIPlugin
2024-07-04 09:35:33,876 [INFO] PluginManager:220 - loadIPPluginJar : add sai
2024-07-04 09:35:33,877 [INFO] IPUIPlugin:80 - create IPUIPlugin
2024-07-04 09:35:33,877 [INFO] PluginManager:220 - loadIPPluginJar : add spi
2024-07-04 09:35:33,880 [INFO] IPUIPlugin:80 - create IPUIPlugin
2024-07-04 09:35:33,880 [INFO] PluginManager:220 - loadIPPluginJar : add stm32_wpan
2024-07-04 09:35:33,881 [INFO] IPUIPlugin:80 - create IPUIPlugin
2024-07-04 09:35:33,881 [INFO] PluginManager:220 - loadIPPluginJar : add tim
2024-07-04 09:35:33,883 [INFO] IPUIPlugin:80 - create IPUIPlugin
2024-07-04 09:35:33,884 [INFO] PluginManager:220 - loadIPPluginJar : add touchsensing
2024-07-04 09:35:33,885 [INFO] IPUIPlugin:80 - create IPUIPlugin
2024-07-04 09:35:33,885 [INFO] PluginManager:220 - loadIPPluginJar : add tracer_emb
2024-07-04 09:35:33,886 [INFO] IPUIPlugin:80 - create IPUIPlugin
2024-07-04 09:35:33,886 [INFO] PluginManager:220 - loadIPPluginJar : add ts
2024-07-04 09:35:33,887 [INFO] IPUIPlugin:80 - create IPUIPlugin
2024-07-04 09:35:33,887 [INFO] PluginManager:220 - loadIPPluginJar : add tsc
2024-07-04 09:35:33,888 [INFO] IPUIPlugin:80 - create IPUIPlugin
2024-07-04 09:35:33,888 [INFO] PluginManager:220 - loadIPPluginJar : add ucpd
2024-07-04 09:35:33,890 [INFO] IPUIPlugin:80 - create IPUIPlugin
2024-07-04 09:35:33,890 [INFO] PluginManager:220 - loadIPPluginJar : add usart
2024-07-04 09:35:33,891 [INFO] IPUIPlugin:80 - create IPUIPlugin
2024-07-04 09:35:33,892 [INFO] PluginManager:220 - loadIPPluginJar : add usbx
2024-07-04 09:35:33,991 [INFO] CADModel:165 - CPN selected for project level
2024-07-04 09:35:33,991 [INFO] CADModel:114 - Register for checkConnection events
2024-07-04 09:35:33,991 [FATAL] Updater:334 - Updater called before beeing initialized
2024-07-04 09:35:33,992 [ERROR] CADModel:125 - Updater not yet initialized, retry later 
2024-07-04 09:35:34,058 [INFO] CADModel:165 - CPN selected for project level
2024-07-04 09:35:34,058 [INFO] CADModel:114 - Register for checkConnection events
2024-07-04 09:35:34,058 [FATAL] Updater:334 - Updater called before beeing initialized
2024-07-04 09:35:34,058 [ERROR] CADModel:125 - Updater not yet initialized, retry later 
2024-07-04 09:35:34,060 [FATAL] Updater:334 - Updater called before beeing initialized
2024-07-04 09:35:34,122 [FATAL] Updater:334 - Updater called before beeing initialized
2024-07-04 09:35:34,124 [INFO] DbMcusAds:53 - JSON generation date=Thu May 16 18:22:00 KST 2024 (1715851320852)
2024-07-04 09:35:34,125 [FATAL] Updater:334 - Updater called before beeing initialized
2024-07-04 09:35:34,145 [WARN] DetailPanel:346 - Failed to get advertising image, set to default
2024-07-04 09:35:34,197 [FATAL] Updater:334 - Updater called before beeing initialized
2024-07-04 09:35:34,197 [FATAL] Updater:334 - Updater called before beeing initialized
2024-07-04 09:35:34,197 [FATAL] Updater:334 - Updater called before beeing initialized
2024-07-04 09:35:34,197 [WARN] DetailPanel:346 - Failed to get advertising image, set to default
2024-07-04 09:35:34,198 [FATAL] Updater:334 - Updater called before beeing initialized
2024-07-04 09:35:34,225 [ERROR] Updater:1164 - MainUpdater not yet initialized. External WinMGr cannot be set.
2024-07-04 09:35:34,227 [INFO] Updater:1100 - Updater Version found : 6.12.0
2024-07-04 09:35:34,236 [INFO] ApplicationProperties:184 - Using Application install path: C:\ST\STM32CubeIDE_1.16.0\STM32CubeIDE\plugins\com.st.stm32cube.common.mx_6.12.0.202406281431
2024-07-04 09:35:34,457 [INFO] MainUpdater:2873 - connection check result : 10
2024-07-04 09:35:34,457 [INFO] MainUpdater:290 - Updater Check For Update Now.
2024-07-04 09:35:34,458 [INFO] MicroXplorer:498 - Change Database Version : DB.6.0.120
2024-07-04 09:35:34,474 [INFO] McuFinderGlobals:63 - Set McuFinder mode to 2 (CubeIDE integrated)
2024-07-04 09:35:34,474 [INFO] UserAuth:179 - activating auth plugin
2024-07-04 09:35:34,477 [INFO] UserAuth:417 - Internet connection configuration mode: 1
2024-07-04 09:35:34,499 [INFO] JxBrowserEngine:152 - Initiate JxBrowser Engine with user profile folder
2024-07-04 09:35:34,609 [INFO] CheckServerUpdateThread:120 - End of CheckServer Thread
2024-07-04 09:35:35,030 [INFO] WebApp:167 - Instantiating new browser for Auth
2024-07-04 09:35:35,425 [INFO] WebApp:448 - Apply proxy settings
2024-07-04 09:35:35,425 [INFO] WebApp:533 - Chromium requires no authentication
2024-07-04 09:35:35,430 [INFO] WebApp:476 - Direct internet connection detected
2024-07-04 09:35:35,441 [INFO] WebApp:869 - Register for checkConnection events
2024-07-04 09:35:35,441 [INFO] WebApp:448 - Apply proxy settings
2024-07-04 09:35:35,441 [INFO] WebApp:533 - Chromium requires no authentication
2024-07-04 09:35:35,441 [INFO] WebApp:476 - Direct internet connection detected
2024-07-04 09:35:35,525 [INFO] WebApp:220 - Starting web application
2024-07-04 09:35:35,525 [INFO] WebApp:578 - Web application path used C:\ST\STM32CubeIDE_1.16.0\STM32CubeIDE\plugins\com.st.stm32cube.common.mx_6.12.0.202406281431\db\plugins\mcufinder\reactClient1\index.html
2024-07-04 09:35:35,695 [INFO] WebApp:186 - Connection restablished
2024-07-04 09:35:36,638 [WARN] PackLoader:240 - Cannot read IP mode file for STMicroelectronics.FP-SNS-MOTENVWB1.1.4.0
2024-07-04 09:35:36,644 [WARN] PackLoader:240 - Cannot read IP mode file for STMicroelectronics.X-CUBE-SMBUS.2.1.0
2024-07-04 09:35:36,659 [WARN] PackLoader:240 - Cannot read IP mode file for STMicroelectronics.X-CUBE-AZRTOS-F7.1.1.0
2024-07-04 09:35:36,665 [WARN] PackLoader:240 - Cannot read IP mode file for STMicroelectronics.FP-SNS-FLIGHT1.5.0.2
2024-07-04 09:35:36,670 [WARN] PackLoader:240 - Cannot read IP mode file for STMicroelectronics.X-CUBE-DISPLAY.3.0.0
2024-07-04 09:35:36,678 [WARN] PackLoader:240 - Cannot read IP mode file for STMicroelectronics.X-CUBE-BLE1.7.0.0
2024-07-04 09:35:36,698 [WARN] PackLoader:240 - Cannot read IP mode file for emotas.I-CUBE-CANOPEN.1.3.0
2024-07-04 09:35:36,729 [WARN] PackLoader:240 - Cannot read IP mode file for STMicroelectronics.X-CUBE-BLEMGR.3.1.0
2024-07-04 09:35:36,733 [WARN] PackLoader:240 - Cannot read IP mode file for STMicroelectronics.FP-SNS-SMARTAG2.1.2.0
2024-07-04 09:35:36,757 [INFO] LogOutputStream:77 - [STDOUT_REDIRECT] 1 : Invalid condition id : UX_CORESTACK_Condition cause : null
2024-07-04 09:35:36,758 [INFO] LogOutputStream:77 - [STDOUT_REDIRECT] 1 : Invalid condition id : UX_CORESTACK_Condition cause : null
2024-07-04 09:35:36,758 [INFO] LogOutputStream:77 - [STDOUT_REDIRECT] 1 : Invalid condition id : UX_CORESTACK_Condition cause : null
2024-07-04 09:35:36,759 [INFO] LogOutputStream:77 - [STDOUT_REDIRECT] 1 : Invalid condition id : UX_CORESTACK_Condition cause : null
2024-07-04 09:35:36,760 [INFO] LogOutputStream:77 - [STDOUT_REDIRECT] 1 : Invalid condition id : UX_CORESTACK_Condition cause : null
2024-07-04 09:35:36,761 [WARN] PackLoader:240 - Cannot read IP mode file for STMicroelectronics.X-CUBE-AZRTOS-WL.2.0.0
2024-07-04 09:35:36,764 [WARN] PackLoader:240 - Cannot read IP mode file for STMicroelectronics.FP-SNS-MOTENV1.5.0.0
2024-07-04 09:35:36,781 [WARN] PackLoader:240 - Cannot read IP mode file for wolfSSL.I-CUBE-wolfMQTT.1.19.0
2024-07-04 09:35:36,810 [WARN] PackLoader:240 - Cannot read IP mode file for WES.I-CUBE-Cesium.1.3.0
2024-07-04 09:35:36,832 [WARN] PackLoader:240 - Cannot read IP mode file for STMicroelectronics.X-CUBE-BLE2.3.3.0
2024-07-04 09:35:36,836 [WARN] PackLoader:240 - Cannot read IP mode file for STMicroelectronics.X-CUBE-TCPP.4.1.0
2024-07-04 09:35:36,846 [WARN] PackLoader:240 - Cannot read IP mode file for STMicroelectronics.X-CUBE-AZRTOS-G0.1.1.0
2024-07-04 09:35:36,852 [WARN] PackLoader:240 - Cannot read IP mode file for STMicroelectronics.X-CUBE-SAFEA1.1.2.2
2024-07-04 09:35:36,856 [WARN] PackLoader:240 - Cannot read IP mode file for STMicroelectronics.X-CUBE-NFC4.3.0.0
2024-07-04 09:35:36,859 [WARN] PackLoader:240 - Cannot read IP mode file for wolfSSL.I-CUBE-wolfSSL.5.7.0
2024-07-04 09:35:36,863 [WARN] PackLoader:240 - Cannot read IP mode file for STMicroelectronics.FP-ATR-SIGFOX1.3.2.0
2024-07-04 09:35:36,866 [WARN] PackLoader:240 - Cannot read IP mode file for STMicroelectronics.X-CUBE-EEPRMA1.5.1.0
2024-07-04 09:35:36,871 [WARN] PackLoader:240 - Cannot read IP mode file for ITTIA_DB.I-CUBE-ITTIADB.8.9.0
2024-07-04 09:35:36,890 [WARN] PackLoader:240 - Cannot read IP mode file for SEGGER.I-CUBE-embOS.1.3.1
2024-07-04 09:35:36,919 [WARN] PackLoader:240 - Cannot read IP mode file for STMicroelectronics.X-CUBE-ALGOBUILD.1.4.0
2024-07-04 09:35:36,923 [WARN] PackLoader:240 - Cannot read IP mode file for STMicroelectronics.X-CUBE-GNSS1.6.0.0
2024-07-04 09:35:36,931 [WARN] PackLoader:240 - Cannot read IP mode file for STMicroelectronics.X-CUBE-AZRTOS-F4.1.1.0
2024-07-04 09:35:36,935 [WARN] PackLoader:240 - Cannot read IP mode file for STMicroelectronics.X-CUBE-FREERTOS.1.2.0
2024-07-04 09:35:36,943 [WARN] PackLoader:240 - Cannot read IP mode file for STMicroelectronics.X-CUBE-AZRTOS-L5.2.0.0
2024-07-04 09:35:36,948 [WARN] PackLoader:240 - Cannot read IP mode file for STMicroelectronics.X-CUBE-NFC6.3.1.0
2024-07-04 09:35:36,953 [WARN] PackLoader:240 - Cannot read IP mode file for STMicroelectronics.X-CUBE-AI.9.0.0
2024-07-04 09:35:36,956 [WARN] PackLoader:240 - Cannot read IP mode file for STMicroelectronics.X-CUBE-NFC7.1.0.1
2024-07-04 09:35:36,964 [WARN] ConditionMgr:438 - getConditionDescription Invalid condition id : LAN8742 Phy interface Condition cause : null
2024-07-04 09:35:36,965 [WARN] PackLoader:240 - Cannot read IP mode file for STMicroelectronics.X-CUBE-AZRTOS-L4.2.0.0
2024-07-04 09:35:36,965 [WARN] ConditionMgr:1039 - genDependencies : Invalid condition id : LAN8742 Phy interface Condition cause : null
2024-07-04 09:35:36,966 [WARN] ConditionMgr:1039 - genDependencies : Invalid condition id : LAN8742 Phy interface Condition cause : null
2024-07-04 09:35:36,966 [WARN] ConditionMgr:1039 - genDependencies : Invalid condition id : LAN8742 Phy interface Condition cause : null
2024-07-04 09:35:36,970 [WARN] PackLoader:240 - Cannot read IP mode file for STMicroelectronics.X-CUBE-SFXS2LP1.4.0.0
2024-07-04 09:35:36,976 [WARN] ConditionMgr:438 - getConditionDescription Invalid condition id : UX DEVICE CLASS RTOS Condition cause : null
2024-07-04 09:35:36,976 [WARN] ConditionMgr:438 - getConditionDescription Invalid condition id : UX DEVICE CLASS RTOS Condition cause : null
2024-07-04 09:35:36,977 [WARN] PackLoader:240 - Cannot read IP mode file for STMicroelectronics.X-CUBE-AZRTOS-WB.2.0.0
2024-07-04 09:35:36,978 [WARN] ConditionMgr:1039 - genDependencies : Invalid condition id : UX DEVICE CLASS RTOS Condition cause : null
2024-07-04 09:35:36,978 [WARN] ConditionMgr:1039 - genDependencies : Invalid condition id : UX DEVICE CLASS RTOS Condition cause : null
2024-07-04 09:35:36,978 [WARN] ConditionMgr:1039 - genDependencies : Invalid condition id : UX DEVICE CLASS RTOS Condition cause : null
2024-07-04 09:35:36,978 [WARN] ConditionMgr:1039 - genDependencies : Invalid condition id : UX DEVICE CLASS RTOS Condition cause : null
2024-07-04 09:35:36,978 [WARN] ConditionMgr:1039 - genDependencies : Invalid condition id : UX DEVICE CLASS RTOS Condition cause : null
2024-07-04 09:35:36,985 [WARN] PackLoader:240 - Cannot read IP mode file for STMicroelectronics.X-CUBE-SUBG2.5.0.0
2024-07-04 09:35:36,991 [WARN] PackLoader:240 - Cannot read IP mode file for Cesanta.I-CUBE-Mongoose.7.13.0
2024-07-04 09:35:36,998 [WARN] PackLoader:240 - Cannot read IP mode file for STMicroelectronics.X-CUBE-AZRTOS-G4.2.0.0
2024-07-04 09:35:37,001 [WARN] PackLoader:240 - Cannot read IP mode file for STMicroelectronics.X-CUBE-ISPU.2.0.0
2024-07-04 09:35:37,005 [WARN] PackLoader:240 - Cannot read IP mode file for STMicroelectronics.X-CUBE-ALS.1.0.2
2024-07-04 09:35:37,035 [WARN] PackLoader:240 - Cannot read IP mode file for STMicroelectronics.X-CUBE-MEMS1.10.0.0
2024-07-04 09:35:37,115 [WARN] PackLoader:240 - Cannot read IP mode file for STMicroelectronics.X-CUBE-TOUCHGFX.4.24.0
2024-07-04 09:35:37,119 [WARN] PackLoader:240 - Cannot read IP mode file for portGmbH.I-Cube-SoM-uGOAL.1.1.0
2024-07-04 09:35:37,128 [WARN] PackLoader:240 - Cannot read IP mode file for STMicroelectronics.X-CUBE-AZRTOS-H7RS.1.0.0
2024-07-04 09:35:37,132 [WARN] PackLoader:240 - Cannot read IP mode file for STMicroelectronics.FP-ATR-ASTRA1.2.0.0
2024-07-04 09:35:37,138 [WARN] PackLoader:240 - Cannot read IP mode file for STMicroelectronics.X-CUBE-TOF1.3.4.1
2024-07-04 09:35:37,172 [WARN] PackLoader:240 - Cannot read IP mode file for STMicroelectronics.X-CUBE-AZRTOS-H7.3.2.0
2024-07-04 09:35:37,180 [WARN] PackLoader:240 - Cannot read IP mode file for Infineon.AIROC-Wi-Fi-Bluetooth-STM32.1.6.0
2024-07-04 09:35:37,182 [INFO] ThirdParty:978 - Integrity check success = true
2024-07-04 09:35:37,182 [INFO] IntegrityCheckThread:100 - exiting critical section [integrity check]
2024-07-04 09:35:37,183 [INFO] IntegrityCheckThread:103 - End integrity checks thread
2024-07-04 09:58:49,458 [ERROR] LogOutputStream:75 - [STDERR_REDIRECT] 
